android/app/build/intermediates/manifest_merge_blame_file/release/manifest-merger-blame-release-report.txt
1<?xml version="1.0" encoding="utf-8"?>
2<manifest xmlns:android="http://schemas.android.com/apk/res/android"
3    package="com.moqc"
4    android:versionCode="4"
5    android:versionName="4.0.0" >
6
7    <uses-sdk
8        android:minSdkVersion="21"
8-->src/main/AndroidManifest.xml
9        android:targetSdkVersion="33" />
9-->src/main/AndroidManifest.xml
10
11    <uses-permission android:name="android.permission.INTERNET" />
11-->src/main/AndroidManifest.xml:3:5-67
11-->src/main/AndroidManifest.xml:3:22-64
12    <uses-permission android:name="android.permission.READ_EXTERNAL_STORAGE" />
12-->src/main/AndroidManifest.xml:4:5-79
12-->src/main/AndroidManifest.xml:4:22-77
13    <uses-permission android:name="android.permission.WRITE_EXTERNAL_STORAGE" />
13-->src/main/AndroidManifest.xml:5:5-81
13-->src/main/AndroidManifest.xml:5:22-78
14    <uses-permission android:name="android.permission.WRITE_INTERNAL_STORAGE" />
14-->src/main/AndroidManifest.xml:6:5-81
14-->src/main/AndroidManifest.xml:6:22-78
15    <uses-permission android:name="android.permission.DOWNLOAD_WITHOUT_NOTIFICATION" />
15-->src/main/AndroidManifest.xml:7:5-88
15-->src/main/AndroidManifest.xml:7:22-85
16    <uses-permission android:name="android.permission.ACCESS_NETWORK_STATE" />
16-->src/main/AndroidManifest.xml:8:5-79
16-->src/main/AndroidManifest.xml:8:22-76
17    <uses-permission android:name="android.permission.RECORD_AUDIO" />
17-->src/main/AndroidManifest.xml:9:5-71
17-->src/main/AndroidManifest.xml:9:22-68
18    <uses-permission android:name="android.permission.ACCESS_COARSE_LOCATION" /> <!-- Required to access Google Play Licensing -->
18-->[:react-native-get-location] AndroidManifest.xml:7:5-81
18-->[:react-native-get-location] AndroidManifest.xml:7:22-78
19    <uses-permission android:name="com.android.vending.CHECK_LICENSE" />
19-->[:rn-fetch-blob] AndroidManifest.xml:8:5-73
19-->[:rn-fetch-blob] AndroidManifest.xml:8:22-70
20    <!--
21         Required to keep CPU alive while downloading files
22        (NOT to keep screen awake)
23    -->
24    <uses-permission android:name="android.permission.WAKE_LOCK" /> <!-- Required to check whether Wi-Fi is enabled -->
24-->[:rn-fetch-blob] AndroidManifest.xml:17:5-68
24-->[:rn-fetch-blob] AndroidManifest.xml:17:22-65
25    <uses-permission android:name="android.permission.ACCESS_WIFI_STATE" />
25-->[:rn-fetch-blob] AndroidManifest.xml:26:5-76
25-->[:rn-fetch-blob] AndroidManifest.xml:26:22-73
26
27    <application
27-->src/main/AndroidManifest.xml:10:5-40:19
28        android:name="com.moqc.MainApplication"
28-->src/main/AndroidManifest.xml:11:7-38
29        android:allowBackup="false"
29-->src/main/AndroidManifest.xml:17:7-34
30        android:appComponentFactory="androidx.core.app.CoreComponentFactory"
30-->[androidx.core:core:1.1.0] AndroidManifest.xml:24:18-86
31        android:hardwareAccelerated="true"
31-->src/main/AndroidManifest.xml:12:7-41
32        android:icon="@mipmap/ic_launcher"
32-->src/main/AndroidManifest.xml:15:7-41
33        android:label="@string/app_name"
33-->src/main/AndroidManifest.xml:14:7-39
34        android:requestLegacyExternalStorage="true"
34-->src/main/AndroidManifest.xml:13:7-50
35        android:roundIcon="@mipmap/ic_launcher"
35-->src/main/AndroidManifest.xml:16:7-46
36        android:theme="@style/AppTheme" >
36-->src/main/AndroidManifest.xml:18:7-38
37        <activity
37-->src/main/AndroidManifest.xml:19:7-29:18
38            android:name="com.moqc.SplashActivity"
38-->src/main/AndroidManifest.xml:20:9-39
39            android:exported="false"
39-->src/main/AndroidManifest.xml:22:9-33
40            android:label="@string/app_name"
40-->src/main/AndroidManifest.xml:23:9-41
41            android:theme="@style/SplashTheme" >
41-->src/main/AndroidManifest.xml:21:9-43
42            <intent-filter>
42-->src/main/AndroidManifest.xml:24:9-28:25
43                <action android:name="android.intent.action.MAIN" />
43-->src/main/AndroidManifest.xml:25:13-65
43-->src/main/AndroidManifest.xml:25:21-62
44
45                <category android:name="android.intent.category.LAUNCHER" />
45-->src/main/AndroidManifest.xml:26:13-73
45-->src/main/AndroidManifest.xml:26:23-70
46
47                <action android:name="android.intent.action.DOWNLOAD_COMPLETE" />
47-->src/main/AndroidManifest.xml:27:13-77
47-->src/main/AndroidManifest.xml:27:21-75
48            </intent-filter>
49        </activity>
50        <activity
50-->src/main/AndroidManifest.xml:30:7-38:18
51            android:name="com.moqc.MainActivity"
51-->src/main/AndroidManifest.xml:31:9-37
52            android:configChanges="keyboard|keyboardHidden|orientation|screenSize|uiMode"
52-->src/main/AndroidManifest.xml:33:9-86
53            android:exported="true"
53-->src/main/AndroidManifest.xml:37:9-32
54            android:hardwareAccelerated="true"
54-->src/main/AndroidManifest.xml:35:10-44
55            android:label="@string/app_name"
55-->src/main/AndroidManifest.xml:32:9-41
56            android:launchMode="singleTask"
56-->src/main/AndroidManifest.xml:34:9-40
57            android:windowSoftInputMode="adjustResize" >
57-->src/main/AndroidManifest.xml:36:9-51
58        </activity>
59        <activity android:name="com.facebook.react.devsupport.DevSettingsActivity" />
59-->src/main/AndroidManifest.xml:39:7-84
59-->src/main/AndroidManifest.xml:39:17-81
60        <activity
60-->[:react-native-customized-image-picker] AndroidManifest.xml:8:9-12:58
61            android:name="cn.finalteam.rxgalleryfinal.ui.activity.MediaActivity"
61-->[:react-native-customized-image-picker] AndroidManifest.xml:9:13-81
62            android:exported="true"
62-->[:react-native-customized-image-picker] AndroidManifest.xml:10:13-36
63            android:screenOrientation="portrait"
63-->[:react-native-customized-image-picker] AndroidManifest.xml:11:13-49
64            android:theme="@style/Theme_Light.Default" />
64-->[:react-native-customized-image-picker] AndroidManifest.xml:12:13-55
65        <activity
65-->[:react-native-customized-image-picker] AndroidManifest.xml:13:9-16:58
66            android:name="com.yalantis.ucrop.UCropActivity"
66-->[:react-native-customized-image-picker] AndroidManifest.xml:14:13-60
67            android:screenOrientation="portrait"
67-->[:react-native-customized-image-picker] AndroidManifest.xml:15:13-49
68            android:theme="@style/Theme_Light.Default" />
68-->[:react-native-customized-image-picker] AndroidManifest.xml:16:13-55
69        <activity android:name="com.masteratul.exceptionhandler.DefaultErrorScreen" >
69-->[:react-native-exception-handler] AndroidManifest.xml:8:9-9:20
69-->[:react-native-exception-handler] AndroidManifest.xml:8:19-84
70        </activity>
71
72        <provider
72-->[:react-native-image-picker] AndroidManifest.xml:8:9-16:20
73            android:name="com.imagepicker.FileProvider"
73-->[:react-native-image-picker] AndroidManifest.xml:9:13-56
74            android:authorities="com.moqc.provider"
74-->[:react-native-image-picker] AndroidManifest.xml:10:13-60
75            android:exported="false"
75-->[:react-native-image-picker] AndroidManifest.xml:11:13-37
76            android:grantUriPermissions="true" >
76-->[:react-native-image-picker] AndroidManifest.xml:12:13-47
77            <meta-data
77-->[:react-native-image-picker] AndroidManifest.xml:13:13-15:58
78                android:name="android.support.FILE_PROVIDER_PATHS"
78-->[:react-native-image-picker] AndroidManifest.xml:14:17-67
79                android:resource="@xml/provider_paths" />
79-->[:react-native-image-picker] AndroidManifest.xml:15:17-55
80        </provider>
81        <provider
81-->[:react-native-webview] AndroidManifest.xml:8:9-16:20
82            android:name="com.reactnativecommunity.webview.RNCWebViewFileProvider"
82-->[:react-native-webview] AndroidManifest.xml:9:13-83
83            android:authorities="com.moqc.fileprovider"
83-->[:react-native-webview] AndroidManifest.xml:10:13-64
84            android:exported="false"
84-->[:react-native-webview] AndroidManifest.xml:11:13-37
85            android:grantUriPermissions="true" >
85-->[:react-native-webview] AndroidManifest.xml:12:13-47
86            <meta-data
86-->[:react-native-image-picker] AndroidManifest.xml:13:13-15:58
87                android:name="android.support.FILE_PROVIDER_PATHS"
87-->[:react-native-image-picker] AndroidManifest.xml:14:17-67
88                android:resource="@xml/file_provider_paths" />
88-->[:react-native-image-picker] AndroidManifest.xml:15:17-55
89        </provider>
90        <provider
90-->[:rn-fetch-blob] AndroidManifest.xml:32:9-40:20
91            android:name="com.RNFetchBlob.Utils.FileProvider"
91-->[:rn-fetch-blob] AndroidManifest.xml:33:13-62
92            android:authorities="com.moqc.provider"
92-->[:rn-fetch-blob] AndroidManifest.xml:34:13-60
93            android:exported="false"
93-->[:rn-fetch-blob] AndroidManifest.xml:35:13-37
94            android:grantUriPermissions="true" >
94-->[:rn-fetch-blob] AndroidManifest.xml:36:13-47
95            <meta-data
95-->[:react-native-image-picker] AndroidManifest.xml:13:13-15:58
96                android:name="android.support.FILE_PROVIDER_PATHS"
96-->[:react-native-image-picker] AndroidManifest.xml:14:17-67
97                android:resource="@xml/provider_paths" />
97-->[:react-native-image-picker] AndroidManifest.xml:15:17-55
98        </provider>
99        <provider
99-->[com.github.shijingsh:fileprovider:1.1.0] AndroidManifest.xml:12:9-20:20
100            android:name="com.zhy.base.fileprovider.MgFileProvider"
100-->[com.github.shijingsh:fileprovider:1.1.0] AndroidManifest.xml:13:13-68
101            android:authorities="com.moqc.android7.mg.fileprovider"
101-->[com.github.shijingsh:fileprovider:1.1.0] AndroidManifest.xml:14:13-76
102            android:exported="false"
102-->[com.github.shijingsh:fileprovider:1.1.0] AndroidManifest.xml:15:13-37
103            android:grantUriPermissions="true" >
103-->[com.github.shijingsh:fileprovider:1.1.0] AndroidManifest.xml:16:13-47
104            <meta-data
104-->[:react-native-image-picker] AndroidManifest.xml:13:13-15:58
105                android:name="android.support.FILE_PROVIDER_PATHS"
105-->[:react-native-image-picker] AndroidManifest.xml:14:17-67
106                android:resource="@xml/mg_file_paths" />
106-->[:react-native-image-picker] AndroidManifest.xml:15:17-55
107        </provider>
108    </application>
109
110</manifest>